Starting paikkain on 2024-03-07 11:11:16.290016 [INFO]
Reading configuration file config/paikkain_finland_linux.ini [INFO]
Config file '/home/kahanpaa/paikkain/config/paikkain_finland_linux.ini' parsing failed: fInvalid value (at line 2, column 15). Exiting. [CRITICAL]
Starting paikkain on 2024-03-07 11:12:31.375013 [INFO]
Reading configuration file config/paikkain_finland_linux.ini [INFO]
Config file '/home/kahanpaa/paikkain/config/paikkain_finland_linux.ini' parsing failed: fInvalid value (at line 4, column 15). Exiting. [CRITICAL]
Starting paikkain on 2024-03-07 11:14:29.603345 [INFO]
Reading configuration file config/paikkain_finland_linux.ini [INFO]
Starting paikkain on 2024-03-07 11:14:55.341688 [INFO]
Reading configuration file config/paikkain_finland_linux.ini [INFO]
Starting paikkain on 2024-03-07 11:15:12.279653 [INFO]
Reading configuration file config/paikkain_finland_linux.ini [INFO]
Starting paikkain on 2024-03-07 11:15:19.057173 [INFO]
Reading configuration file config/paikkain_finland_linux.ini [INFO]
Starting paikkain on 2024-03-07 11:15:28.213711 [INFO]
Reading configuration file config/paikkain_finland_linux.ini [INFO]
Command names must be defined in the config file: f'cmd_replace'. Exiting. [CRITICAL]
Starting paikkain on 2024-03-07 11:16:02.358025 [INFO]
Reading configuration file config/paikkain_finland_linux.toml [INFO]
Config file '/home/kahanpaa/paikkain/config/paikkain_finland_linux.toml' does not exist or if not readable. Exiting. [CRITICAL]
Starting paikkain on 2024-03-07 11:17:30.177868 [INFO]
Reading configuration file config/paikkain_finland_linux.toml [INFO]
Command names must be defined in the config file: f'cmd_replace'. Exiting. [CRITICAL]
Starting paikkain on 2024-03-07 11:18:29.065947 [INFO]
Reading configuration file config/paikkain_finland_linux.toml [INFO]
Command names must be defined in the config file: 'cmd_fillempty'. Exiting. [CRITICAL]
Starting paikkain on 2024-03-07 11:18:58.553447 [INFO]
Reading configuration file config/paikkain_finland_linux.toml [INFO]
Output format: FAST-XLSX [INFO]
Loading geodata from file / [INFO]
Starting paikkain on 2024-03-07 11:19:36.958995 [INFO]
Reading configuration file config/paikkain_finland_linux.toml [INFO]
Output format: FAST-XLSX [INFO]
Loading geodata from file / [INFO]
Starting paikkain on 2024-03-07 11:19:39.956343 [INFO]
Reading configuration file config/paikkain_finland_linux.toml [INFO]
Output format: FAST-XLSX [INFO]
Loading geodata from file / [INFO]
Starting paikkain on 2024-03-07 11:23:54.442834 [INFO]
Reading configuration file config/paikkain_finland_linux.toml [INFO]
Output format: FAST-XLSX [INFO]
Loading geodata from file / [INFO]
Starting paikkain on 2024-03-07 11:24:23.335622 [INFO]
Reading configuration file config/paikkain_finland_linux.toml [INFO]
Output format: FAST-XLSX [INFO]
Loading geodata from file / [INFO]
Starting paikkain on 2024-03-07 11:25:55.435609 [INFO]
Reading configuration file config/paikkain_finland_linux.toml [INFO]
Output format: FAST-XLSX [INFO]
Loading geodata from file / [INFO]
Starting paikkain on 2024-03-07 11:26:15.255649 [INFO]
Reading configuration file config/paikkain_finland_linux.toml [INFO]
Output format: FAST-XLSX [INFO]
Loading geodata from file /home/kahanpaa/paikkain/paikka-aineistot/paikkain_Fin_sl-gen030dev.xlsx [INFO]
Parsing rules from geodata file headers [DEBUG]
Rule for column MYGathering[0][MYCountry], rule type 'equal' [INFO]
Rule for column MYGathering[0][MYAdministrativeProvince], rule type 'equal' [INFO]
Rule for column MYGathering[0][MYBiologicalProvince], rule type 'equal' [INFO]
Rule for column MYGathering[0][MYMunicipality], rule type 'equal' [INFO]
Rule for column MYGathering[0][MYLocality], rule type 'equal' [INFO]
Rule for column MYGathering[0][MYLocalityDescription], rule type 'equal' [INFO]
Rule for column MYGathering[0][MYDateBegin], rule type 'dateafter' [INFO]
Rule for column MYGathering[0][MYDateBegin], rule type 'datebefore' [INFO]


Processing file testiaineisto/testiaineisto_Finland.xlsx [INFO]
Deleting empty column #71 [DEBUG]
Deleting empty column #70 [DEBUG]
Deleting empty column #69 [DEBUG]
adding column MYGathering[0][MYLocalityID] to output table [INFO]
adding column MYGathering[0][MYCoordinateNotes] to output table [INFO]
adding column MYTranscriberNotes to output table [INFO]
Processing row 10 [INFO]
Processing row 20 [INFO]
Processing row 30 [INFO]
Processing row 40 [INFO]
Processing row 50 [INFO]
Processing row 60 [INFO]
Processing row 70 [INFO]
Processing row 80 [INFO]
Processing row 90 [INFO]
Processing row 100 [INFO]
Processing row 110 [INFO]
Processing row 120 [INFO]
Processing row 130 [INFO]
Processing row 140 [INFO]
Processing row 150 [INFO]
Processing row 160 [INFO]
Processing row 170 [INFO]
Failed to convert '? 4.3.1940' or '31.12.1905' to a Date: Date format not recognised for '? 4.3.1940' [INFO]
Processing row 180 [INFO]
Processing row 190 [INFO]
Processing row 200 [INFO]
Processing row 210 [INFO]
Processing row 220 [INFO]
Processing row 230 [INFO]
Processing row 240 [INFO]
Processing row 250 [INFO]
Processing row 260 [INFO]
Processing row 270 [INFO]
Processing row 280 [INFO]
Processing row 290 [INFO]
Processing row 300 [INFO]
Processing row 310 [INFO]
Processing row 320 [INFO]
Processing row 330 [INFO]
Processing row 340 [INFO]
Processing row 350 [INFO]
Processing row 360 [INFO]
Processing row 370 [INFO]
Processing row 380 [INFO]
Processing row 390 [INFO]
Processing row 400 [INFO]
Processing row 410 [INFO]
Processing row 420 [INFO]
Processing row 430 [INFO]
Processing row 440 [INFO]
Processing row 450 [INFO]
Processing row 460 [INFO]
Processing row 470 [INFO]
Processing row 480 [INFO]
Processing row 490 [INFO]
Saving output file testiaineisto/testiaineisto_Finland.autolocalities.out.xlsx [INFO]
Starting paikkain on 2024-03-07 11:30:34.070211 [INFO]
Reading configuration file config/paikkain_finland_linux.toml [INFO]
Output format: FAST-XLSX [INFO]
Loading geodata from file /home/kahanpaa/paikkain/paikka-aineistot/paikkain_Fin_sl-gen030dev.xlsx [INFO]
Parsing rules from geodata file headers [DEBUG]
Rule for column MYGathering[0][MYCountry], rule type 'equal' [INFO]
Rule for column MYGathering[0][MYAdministrativeProvince], rule type 'equal' [INFO]
Rule for column MYGathering[0][MYBiologicalProvince], rule type 'equal' [INFO]
Rule for column MYGathering[0][MYMunicipality], rule type 'equal' [INFO]
Rule for column MYGathering[0][MYLocality], rule type 'equal' [INFO]
Rule for column MYGathering[0][MYLocalityDescription], rule type 'equal' [INFO]
Rule for column MYGathering[0][MYDateBegin], rule type 'dateafter' [INFO]
Rule for column MYGathering[0][MYDateBegin], rule type 'datebefore' [INFO]


Processing file testiaineisto/testiaineisto_Finland.xlsx [INFO]
File testiaineisto/testiaineisto_Finland.autolocalities.out.xlsx exists. Will not overwrite. Exiting. [CRITICAL]
Starting paikkain on 2024-03-07 11:30:53.718852 [INFO]
Reading configuration file config/paikkain_finland_linux.toml [INFO]
Output format: FAST-XLSX [INFO]
Loading geodata from file /home/kahanpaa/paikkain/paikka-aineistot/paikkain_Fin_sl-gen030dev.xlsx [INFO]
Parsing rules from geodata file headers [DEBUG]
Rule for column MYGathering[0][MYCountry], rule type 'equal' [INFO]
Rule for column MYGathering[0][MYAdministrativeProvince], rule type 'equal' [INFO]
Rule for column MYGathering[0][MYBiologicalProvince], rule type 'equal' [INFO]
Rule for column MYGathering[0][MYMunicipality], rule type 'equal' [INFO]
Rule for column MYGathering[0][MYLocality], rule type 'equal' [INFO]
Rule for column MYGathering[0][MYLocalityDescription], rule type 'equal' [INFO]
Rule for column MYGathering[0][MYDateBegin], rule type 'dateafter' [INFO]
Rule for column MYGathering[0][MYDateBegin], rule type 'datebefore' [INFO]


Processing file testiaineisto/testiaineisto_Finland.xlsx [INFO]
Processing row 10 [INFO]
Processing row 20 [INFO]
Processing row 30 [INFO]
Processing row 40 [INFO]
Processing row 50 [INFO]
Processing row 60 [INFO]
Processing row 70 [INFO]
Processing row 80 [INFO]
Processing row 90 [INFO]
Processing row 100 [INFO]
Processing row 110 [INFO]
Processing row 120 [INFO]
Processing row 130 [INFO]
Processing row 140 [INFO]
Processing row 150 [INFO]
Processing row 160 [INFO]
Processing row 170 [INFO]
Failed to convert '? 4.3.1940' or '31.12.1905' to a Date: Date format not recognised for '? 4.3.1940' [INFO]
Processing row 180 [INFO]
Processing row 190 [INFO]
Processing row 200 [INFO]
Processing row 210 [INFO]
Processing row 220 [INFO]
Processing row 230 [INFO]
Processing row 240 [INFO]
Processing row 250 [INFO]
Processing row 260 [INFO]
Processing row 270 [INFO]
Processing row 280 [INFO]
Processing row 290 [INFO]
Processing row 300 [INFO]
Processing row 310 [INFO]
Processing row 320 [INFO]
Processing row 330 [INFO]
Processing row 340 [INFO]
Processing row 350 [INFO]
Processing row 360 [INFO]
Processing row 370 [INFO]
Processing row 380 [INFO]
Processing row 390 [INFO]
Processing row 400 [INFO]
Processing row 410 [INFO]
Processing row 420 [INFO]
Processing row 430 [INFO]
Processing row 440 [INFO]
Processing row 450 [INFO]
Processing row 460 [INFO]
Processing row 470 [INFO]
Processing row 480 [INFO]
Processing row 490 [INFO]
Saving output file testiaineisto/testiaineisto_Finland.autolocalities.out.xlsx [INFO]
Starting paikkain on 2024-03-07 11:48:48.828590 [INFO]
Reading configuration file config/paikkain_finland_linux.toml [INFO]
Output format: FAST-XLSX [INFO]
Loading geodata from file /home/kahanpaa/paikkain/paikka-aineistot/paikkain_Fin_sl-gen030dev.xlsx [INFO]
Parsing rules from geodata file headers [DEBUG]
Rule for column MYGathering[0][MYCountry], rule type 'equal' [INFO]
Rule for column MYGathering[0][MYAdministrativeProvince], rule type 'equal' [INFO]
Rule for column MYGathering[0][MYBiologicalProvince], rule type 'equal' [INFO]
Rule for column MYGathering[0][MYMunicipality], rule type 'equal' [INFO]
Rule for column MYGathering[0][MYLocality], rule type 'equal' [INFO]
Rule for column MYGathering[0][MYLocalityDescription], rule type 'equal' [INFO]
Rule for column MYGathering[0][MYDateBegin], rule type 'dateafter' [INFO]
Rule for column MYGathering[0][MYDateBegin], rule type 'datebefore' [INFO]


Processing file testiaineisto/testiaineisto_Finland.xlsx [INFO]
File testiaineisto/testiaineisto_Finland.autolocalities.out.xlsx exists. Will not overwrite. Exiting. [CRITICAL]
Starting paikkain on 2024-03-07 11:49:01.094902 [INFO]
Reading configuration file config/paikkain_finland_linux.toml [INFO]
Output format: FAST-XLSX [INFO]
Loading geodata from file /home/kahanpaa/paikkain/paikka-aineistot/paikkain_Fin_sl-gen030dev.xlsx [INFO]
Parsing rules from geodata file headers [DEBUG]
Rule for column MYGathering[0][MYCountry], rule type 'equal' [INFO]
Rule for column MYGathering[0][MYAdministrativeProvince], rule type 'equal' [INFO]
Rule for column MYGathering[0][MYBiologicalProvince], rule type 'equal' [INFO]
Rule for column MYGathering[0][MYMunicipality], rule type 'equal' [INFO]
Rule for column MYGathering[0][MYLocality], rule type 'equal' [INFO]
Rule for column MYGathering[0][MYLocalityDescription], rule type 'equal' [INFO]
Rule for column MYGathering[0][MYDateBegin], rule type 'dateafter' [INFO]
Rule for column MYGathering[0][MYDateBegin], rule type 'datebefore' [INFO]


Processing file testiaineisto/testiaineisto_Finland.xlsx [INFO]
Processing row 10 [INFO]
Processing row 20 [INFO]
Processing row 30 [INFO]
Processing row 40 [INFO]
Processing row 50 [INFO]
Processing row 60 [INFO]
Processing row 70 [INFO]
Processing row 80 [INFO]
Processing row 90 [INFO]
Processing row 100 [INFO]
Processing row 110 [INFO]
Processing row 120 [INFO]
Processing row 130 [INFO]
Processing row 140 [INFO]
Processing row 150 [INFO]
Processing row 160 [INFO]
Processing row 170 [INFO]
Failed to convert '? 4.3.1940' or '31.12.1905' to a Date: Date format not recognised for '? 4.3.1940' [INFO]
Processing row 180 [INFO]
Processing row 190 [INFO]
Processing row 200 [INFO]
Processing row 210 [INFO]
Processing row 220 [INFO]
Processing row 230 [INFO]
Processing row 240 [INFO]
Processing row 250 [INFO]
Processing row 260 [INFO]
Processing row 270 [INFO]
Processing row 280 [INFO]
Processing row 290 [INFO]
Processing row 300 [INFO]
Processing row 310 [INFO]
Processing row 320 [INFO]
Processing row 330 [INFO]
Processing row 340 [INFO]
Processing row 350 [INFO]
Processing row 360 [INFO]
Processing row 370 [INFO]
Processing row 380 [INFO]
Processing row 390 [INFO]
Processing row 400 [INFO]
Processing row 410 [INFO]
Processing row 420 [INFO]
Processing row 430 [INFO]
Processing row 440 [INFO]
Processing row 450 [INFO]
Processing row 460 [INFO]
Processing row 470 [INFO]
Processing row 480 [INFO]
Processing row 490 [INFO]
Saving output file testiaineisto/testiaineisto_Finland.autolocalities.out.xlsx [INFO]
